[debug] [2017-09-01T03:24:37.364Z] ----------------------------------------------------------------------
[debug] [2017-09-01T03:24:37.367Z] Command:       /usr/local/Cellar/node/8.2.1/bin/node /usr/local/bin/firebase serve
[debug] [2017-09-01T03:24:37.367Z] CLI Version:   3.9.2
[debug] [2017-09-01T03:24:37.367Z] Platform:      darwin
[debug] [2017-09-01T03:24:37.367Z] Node Version:  v8.2.1
[debug] [2017-09-01T03:24:37.367Z] Time:          Thu Aug 31 2017 23:24:37 GMT-0400 (EDT)
[debug] [2017-09-01T03:24:37.367Z] ----------------------------------------------------------------------
[debug] 
[debug] [2017-09-01T03:24:37.383Z] > command requires scopes: ["email","openid","https://www.googleapis.com/auth/cloudplatformprojects.readonly","https://www.googleapis.com/auth/firebase","https://www.googleapis.com/auth/cloud-platform"]
[debug] [2017-09-01T03:24:37.383Z] > authorizing via signed-in user
[debug] [2017-09-01T03:24:37.386Z] >>> HTTP REQUEST GET https://admin.firebase.com/v1/projects/geolocation-database  
 Thu Aug 31 2017 23:24:37 GMT-0400 (EDT)
[debug] [2017-09-01T03:24:37.756Z] <<< HTTP RESPONSE 200
[debug] [2017-09-01T03:24:37.757Z] >>> HTTP REQUEST GET https://admin.firebase.com/v1/database/geolocation-database/tokens  
 Thu Aug 31 2017 23:24:37 GMT-0400 (EDT)
[debug] [2017-09-01T03:24:38.490Z] <<< HTTP RESPONSE 200
[info] 
[info] === Serving from '/Users/Pururva/Documents/Firebase'...
[info] 
[debug] [2017-09-01T03:24:38.494Z] >>> HTTP REQUEST GET https://cloudresourcemanager.googleapis.com/v1/projects/geolocation-database  
 Thu Aug 31 2017 23:24:38 GMT-0400 (EDT)
[debug] [2017-09-01T03:24:38.791Z] <<< HTTP RESPONSE 200
[debug] [2017-09-01T03:24:38.792Z] >>> HTTP REQUEST GET https://mobilesdk-pa.googleapis.com/v1/projects/574078982721/clients/_:getWebAppConfig  
 Thu Aug 31 2017 23:24:38 GMT-0400 (EDT)
[debug] [2017-09-01T03:24:39.200Z] <<< HTTP RESPONSE 200
[info] i  hosting: Serving hosting files from: y
[info] ✔  hosting: Local server: http://localhost:5000

